yarn run v1.22.21
$ ng test --browsers=ChromeHeadless --watch=false || echo 'banco'
- Generating browser application bundles (phase: setup)...
âœ” Browser application bundle generation complete.
15 01 2024 11:11:23.539:INFO [karma-server]: Karma v6.4.2 server started at http://localhost:9876/
15 01 2024 11:11:23.541:INFO [launcher]: Launching browsers ChromeHeadless with concurrency unlimited
15 01 2024 11:11:23.545:INFO [launcher]: Starting browser ChromeHeadless
15 01 2024 11:11:28.319:INFO [Chrome Headless 120.0.6099.199 (Linux x86_64)]: Connected on socket ohR2mqzjShfpgtHCAAAB with id 21433520
Chrome Headless 120.0.6099.199 (Linux x86_64): Executed 0 of 52 SUCCESS (0 secs / 0 secs)
[1A[2KChrome Headless 120.0.6099.199 (Linux x86_64): Executed 1 of 52 SUCCESS (0 secs / 0.004 secs)
[1A[2KChrome Headless 120.0.6099.199 (Linux x86_64): Executed 2 of 52 SUCCESS (0 secs / 0.004 secs)
[1A[2KChrome Headless 120.0.6099.199 (Linux x86_64): Executed 3 of 52 SUCCESS (0 secs / 0.005 secs)
[1A[2KChrome Headless 120.0.6099.199 (Linux x86_64): Executed 4 of 52 SUCCESS (0 secs / 0.006 secs)
[1A[2KChrome Headless 120.0.6099.199 (Linux x86_64): Executed 5 of 52 SUCCESS (0 secs / 0.006 secs)
[1A[2KChrome Headless 120.0.6099.199 (Linux x86_64): Executed 6 of 52 SUCCESS (0 secs / 0.007 secs)
[1A[2KChrome Headless 120.0.6099.199 (Linux x86_64): Executed 7 of 52 SUCCESS (0 secs / 0.007 secs)
[1A[2KChrome Headless 120.0.6099.199 (Linux x86_64): Executed 8 of 52 SUCCESS (0 secs / 0.007 secs)
[1A[2KChrome Headless 120.0.6099.199 (Linux x86_64): Executed 9 of 52 SUCCESS (0 secs / 0.007 secs)
[1A[2KChrome Headless 120.0.6099.199 (Linux x86_64): Executed 10 of 52 SUCCESS (0 secs / 0.008 secs)
[1A[2KChrome Headless 120.0.6099.199 (Linux x86_64): Executed 11 of 52 SUCCESS (0 secs / 0.009 secs)
[1A[2KChrome Headless 120.0.6099.199 (Linux x86_64): Executed 12 of 52 SUCCESS (0 secs / 0.009 secs)
[1A[2KChrome Headless 120.0.6099.199 (Linux x86_64): Executed 13 of 52 SUCCESS (0 secs / 0.009 secs)
[1A[2KChrome Headless 120.0.6099.199 (Linux x86_64): Executed 14 of 52 SUCCESS (0 secs / 0.009 secs)
[1A[2KChrome Headless 120.0.6099.199 (Linux x86_64): Executed 15 of 52 SUCCESS (0 secs / 0.009 secs)
[1A[2KChrome Headless 120.0.6099.199 (Linux x86_64): Executed 16 of 52 SUCCESS (0 secs / 0.009 secs)
[1A[2KChrome Headless 120.0.6099.199 (Linux x86_64): Executed 17 of 52 SUCCESS (0 secs / 0.009 secs)
[1A[2KChrome Headless 120.0.6099.199 (Linux x86_64): Executed 18 of 52 SUCCESS (0 secs / 0.009 secs)
[1A[2KChrome Headless 120.0.6099.199 (Linux x86_64): Executed 19 of 52 SUCCESS (0 secs / 0.009 secs)
[1A[2KChrome Headless 120.0.6099.199 (Linux x86_64): Executed 20 of 52 SUCCESS (0 secs / 0.01 secs)
[1A[2KChrome Headless 120.0.6099.199 (Linux x86_64): Executed 21 of 52 SUCCESS (0 secs / 0.01 secs)
[1A[2KChrome Headless 120.0.6099.199 (Linux x86_64): Executed 22 of 52 SUCCESS (0 secs / 0.01 secs)
[1A[2KChrome Headless 120.0.6099.199 (Linux x86_64): Executed 23 of 52 SUCCESS (0 secs / 0.01 secs)
[1A[2KChrome Headless 120.0.6099.199 (Linux x86_64): Executed 24 of 52 SUCCESS (0 secs / 0.01 secs)
[1A[2KChrome Headless 120.0.6099.199 (Linux x86_64): Executed 25 of 52 SUCCESS (0 secs / 0.01 secs)
[1A[2KChrome Headless 120.0.6099.199 (Linux x86_64): Executed 26 of 52 SUCCESS (0 secs / 0.01 secs)
[1A[2KChrome Headless 120.0.6099.199 (Linux x86_64): Executed 27 of 52 SUCCESS (0 secs / 0.01 secs)
[1A[2KChrome Headless 120.0.6099.199 (Linux x86_64): Executed 28 of 52 SUCCESS (0 secs / 0.01 secs)
[1A[2KChrome Headless 120.0.6099.199 (Linux x86_64): Executed 29 of 52 SUCCESS (0 secs / 0.011 secs)
[1A[2KChrome Headless 120.0.6099.199 (Linux x86_64): Executed 30 of 52 SUCCESS (0 secs / 0.012 secs)
[1A[2KChrome Headless 120.0.6099.199 (Linux x86_64): Executed 31 of 52 SUCCESS (0 secs / 0.013 secs)
[1A[2KChrome Headless 120.0.6099.199 (Linux x86_64): Executed 32 of 52 SUCCESS (0 secs / 0.014 secs)
[1A[2KChrome Headless 120.0.6099.199 (Linux x86_64) ProduitScalaire ProduitScalaire([1,1], [1,1]) returns 2 FAILED
	Expected NaN to equal 2.
	    at <Jasmine>
	    at UserContext.apply (src/app/tp1.spec.ts:36:48)
	    at _ZoneDelegate.invoke (node_modules/zone.js/fesm2015/zone.js:368:26)
	    at ProxyZoneSpec.onInvoke (node_modules/zone.js/fesm2015/zone-testing.js:273:39)
	    at _ZoneDelegate.invoke (node_modules/zone.js/fesm2015/zone.js:367:52)
Chrome Headless 120.0.6099.199 (Linux x86_64): Executed 33 of 52 (1 FAILED) (0 secs / 0.016 secs)
[1A[2KChrome Headless 120.0.6099.199 (Linux x86_64) ProduitScalaire ProduitScalaire([4,1], [1,3]) returns 7 FAILED
	Expected NaN to equal 7.
	    at <Jasmine>
	    at UserContext.apply (src/app/tp1.spec.ts:36:48)
	    at _ZoneDelegate.invoke (node_modules/zone.js/fesm2015/zone.js:368:26)
	    at ProxyZoneSpec.onInvoke (node_modules/zone.js/fesm2015/zone-testing.js:273:39)
	    at _ZoneDelegate.invoke (node_modules/zone.js/fesm2015/zone.js:367:52)
Chrome Headless 120.0.6099.199 (Linux x86_64): Executed 34 of 52 (2 FAILED) (0 secs / 0.016 secs)
[1A[2KChrome Headless 120.0.6099.199 (Linux x86_64) ProduitScalaire ProduitScalaire([59,51,63,95,64,-38,-21,-6,16,44], [23,29,-12,-23,40,-4,-40,-60,-98,-52]) returns -49 FAILED
	Expected NaN to equal -49.
	    at <Jasmine>
	    at UserContext.apply (src/app/tp1.spec.ts:36:48)
	    at _ZoneDelegate.invoke (node_modules/zone.js/fesm2015/zone.js:368:26)
	    at ProxyZoneSpec.onInvoke (node_modules/zone.js/fesm2015/zone-testing.js:273:39)
	    at _ZoneDelegate.invoke (node_modules/zone.js/fesm2015/zone.js:367:52)
Chrome Headless 120.0.6099.199 (Linux x86_64): Executed 35 of 52 (3 FAILED) (0 secs / 0.016 secs)
[1A[2KChrome Headless 120.0.6099.199 (Linux x86_64) ProduitScalaire ProduitScalaire([], [5]) throws Les vecteurs doivent Ãªtre non vides FAILED
	Expected function to throw an Error.
	    at <Jasmine>
	    at UserContext.apply (src/app/tp1.spec.ts:33:54)
	    at _ZoneDelegate.invoke (node_modules/zone.js/fesm2015/zone.js:368:26)
	    at ProxyZoneSpec.onInvoke (node_modules/zone.js/fesm2015/zone-testing.js:273:39)
	    at _ZoneDelegate.invoke (node_modules/zone.js/fesm2015/zone.js:367:52)
Chrome Headless 120.0.6099.199 (Linux x86_64): Executed 36 of 52 (4 FAILED) (0 secs / 0.018 secs)
[1A[2KChrome Headless 120.0.6099.199 (Linux x86_64) ProduitScalaire ProduitScalaire([5], []) throws Les vecteurs doivent Ãªtre non vides FAILED
	Expected function to throw an Error.
	    at <Jasmine>
	    at UserContext.apply (src/app/tp1.spec.ts:33:54)
	    at _ZoneDelegate.invoke (node_modules/zone.js/fesm2015/zone.js:368:26)
	    at ProxyZoneSpec.onInvoke (node_modules/zone.js/fesm2015/zone-testing.js:273:39)
	    at _ZoneDelegate.invoke (node_modules/zone.js/fesm2015/zone.js:367:52)
Chrome Headless 120.0.6099.199 (Linux x86_64): Executed 37 of 52 (5 FAILED) (0 secs / 0.019 secs)
[1A[2KChrome Headless 120.0.6099.199 (Linux x86_64) ProduitScalaire ProduitScalaire([2,3], [4]) throws Les vecteurs doivent Ãªtre de mÃªme taille FAILED
	Expected function to throw an Error.
	    at <Jasmine>
	    at UserContext.apply (src/app/tp1.spec.ts:33:54)
	    at _ZoneDelegate.invoke (node_modules/zone.js/fesm2015/zone.js:368:26)
	    at ProxyZoneSpec.onInvoke (node_modules/zone.js/fesm2015/zone-testing.js:273:39)
	    at _ZoneDelegate.invoke (node_modules/zone.js/fesm2015/zone.js:367:52)
Chrome Headless 120.0.6099.199 (Linux x86_64): Executed 38 of 52 (6 FAILED) (0 secs / 0.021 secs)
[1A[2KChrome Headless 120.0.6099.199 (Linux x86_64) AjoutMatrices AjoutMatrices([[1,1],[1,1]], [[1,0],[0,1]]) returns {"success":true,"result":[[2,1],[1,2]]} FAILED
	Expected undefined to equal Object({ success: true, result: [ [ 2, 1 ], [ 1, 2 ] ] }).
	    at <Jasmine>
	    at UserContext.apply (src/app/tp1.spec.ts:36:48)
	    at _ZoneDelegate.invoke (node_modules/zone.js/fesm2015/zone.js:368:26)
	    at ProxyZoneSpec.onInvoke (node_modules/zone.js/fesm2015/zone-testing.js:273:39)
	    at _ZoneDelegate.invoke (node_modules/zone.js/fesm2015/zone.js:367:52)
Chrome Headless 120.0.6099.199 (Linux x86_64): Executed 39 of 52 (7 FAILED) (0 secs / 0.022 secs)
[1A[2KChrome Headless 120.0.6099.199 (Linux x86_64) AjoutMatrices AjoutMatrices([[1,1],[1,1]], [[1,4],[0,1]]) returns {"success":true,"result":[[2,5],[1,2]]} FAILED
	Expected undefined to equal Object({ success: true, result: [ [ 2, 5 ], [ 1, 2 ] ] }).
	    at <Jasmine>
	    at UserContext.apply (src/app/tp1.spec.ts:36:48)
	    at _ZoneDelegate.invoke (node_modules/zone.js/fesm2015/zone.js:368:26)
	    at ProxyZoneSpec.onInvoke (node_modules/zone.js/fesm2015/zone-testing.js:273:39)
	    at _ZoneDelegate.invoke (node_modules/zone.js/fesm2015/zone.js:367:52)
Chrome Headless 120.0.6099.199 (Linux x86_64): Executed 40 of 52 (8 FAILED) (0 secs / 0.024 secs)
[1A[2KChrome Headless 120.0.6099.199 (Linux x86_64) AjoutMatrices AjoutMatrices([[1,1],[1,1],[1,3]], [[1,-4],[0,1],[65,-54]]) returns {"success":true,"result":[[2,-3],[1,2],[66,-51]]} FAILED
	Expected undefined to equal Object({ success: true, result: [ [ 2, -3 ], [ 1, 2 ], [ 66, -51 ] ] }).
	    at <Jasmine>
	    at UserContext.apply (src/app/tp1.spec.ts:36:48)
	    at _ZoneDelegate.invoke (node_modules/zone.js/fesm2015/zone.js:368:26)
	    at ProxyZoneSpec.onInvoke (node_modules/zone.js/fesm2015/zone-testing.js:273:39)
	    at _ZoneDelegate.invoke (node_modules/zone.js/fesm2015/zone.js:367:52)
Chrome Headless 120.0.6099.199 (Linux x86_64): Executed 41 of 52 (9 FAILED) (0 secs / 0.025 secs)
[1A[2KChrome Headless 120.0.6099.199 (Linux x86_64) AjoutMatrices AjoutMatrices([[1,1],[1,1]], []) returns {"success":false,"error":"M2 ne peut pas Ãªtre vide"} FAILED
	Expected undefined to equal Object({ success: false, error: 'M2 ne peut pas Ãªtre vide' }).
	    at <Jasmine>
	    at UserContext.apply (src/app/tp1.spec.ts:36:48)
	    at _ZoneDelegate.invoke (node_modules/zone.js/fesm2015/zone.js:368:26)
	    at ProxyZoneSpec.onInvoke (node_modules/zone.js/fesm2015/zone-testing.js:273:39)
	    at _ZoneDelegate.invoke (node_modules/zone.js/fesm2015/zone.js:367:52)
Chrome Headless 120.0.6099.199 (Linux x86_64): Executed 42 of 52 (10 FAILED) (0 secs / 0.026 secs)
[1A[2KChrome Headless 120.0.6099.199 (Linux x86_64) AjoutMatrices AjoutMatrices([[1,1],[1,1]], [[]]) returns {"success":false,"error":"M2 ne peut pas Ãªtre vide"} FAILED
	Expected undefined to equal Object({ success: false, error: 'M2 ne peut pas Ãªtre vide' }).
	    at <Jasmine>
	    at UserContext.apply (src/app/tp1.spec.ts:36:48)
	    at _ZoneDelegate.invoke (node_modules/zone.js/fesm2015/zone.js:368:26)
	    at ProxyZoneSpec.onInvoke (node_modules/zone.js/fesm2015/zone-testing.js:273:39)
	    at _ZoneDelegate.invoke (node_modules/zone.js/fesm2015/zone.js:367:52)
Chrome Headless 120.0.6099.199 (Linux x86_64): Executed 43 of 52 (11 FAILED) (0 secs / 0.026 secs)
[1A[2KChrome Headless 120.0.6099.199 (Linux x86_64) AjoutMatrices AjoutMatrices([], [[1,1],[1,1]]) returns {"success":false,"error":"M1 ne peut pas Ãªtre vide"} FAILED
	Expected undefined to equal Object({ success: false, error: 'M1 ne peut pas Ãªtre vide' }).
	    at <Jasmine>
	    at UserContext.apply (src/app/tp1.spec.ts:36:48)
	    at _ZoneDelegate.invoke (node_modules/zone.js/fesm2015/zone.js:368:26)
	    at ProxyZoneSpec.onInvoke (node_modules/zone.js/fesm2015/zone-testing.js:273:39)
	    at _ZoneDelegate.invoke (node_modules/zone.js/fesm2015/zone.js:367:52)
Chrome Headless 120.0.6099.199 (Linux x86_64): Executed 44 of 52 (12 FAILED) (0 secs / 0.027 secs)
[1A[2KChrome Headless 120.0.6099.199 (Linux x86_64) AjoutMatrices AjoutMatrices([[]], [[1,1],[1,1]]) returns {"success":false,"error":"M1 ne peut pas Ãªtre vide"} FAILED
	Expected undefined to equal Object({ success: false, error: 'M1 ne peut pas Ãªtre vide' }).
	    at <Jasmine>
	    at UserContext.apply (src/app/tp1.spec.ts:36:48)
	    at _ZoneDelegate.invoke (node_modules/zone.js/fesm2015/zone.js:368:26)
	    at ProxyZoneSpec.onInvoke (node_modules/zone.js/fesm2015/zone-testing.js:273:39)
	    at _ZoneDelegate.invoke (node_modules/zone.js/fesm2015/zone.js:367:52)
Chrome Headless 120.0.6099.199 (Linux x86_64): Executed 45 of 52 (13 FAILED) (0 secs / 0.028 secs)
[1A[2KChrome Headless 120.0.6099.199 (Linux x86_64) AjoutMatrices AjoutMatrices([[1,1],[1,1]], [[5]]) returns {"success":false,"error":"Les matrices doivent avoir la mÃªme taille"} FAILED
	Expected undefined to equal Object({ success: false, error: 'Les matrices doivent avoir la mÃªme taille' }).
	    at <Jasmine>
	    at UserContext.apply (src/app/tp1.spec.ts:36:48)
	    at _ZoneDelegate.invoke (node_modules/zone.js/fesm2015/zone.js:368:26)
	    at ProxyZoneSpec.onInvoke (node_modules/zone.js/fesm2015/zone-testing.js:273:39)
	    at _ZoneDelegate.invoke (node_modules/zone.js/fesm2015/zone.js:367:52)
Chrome Headless 120.0.6099.199 (Linux x86_64): Executed 46 of 52 (14 FAILED) (0 secs / 0.029 secs)
[1A[2KChrome Headless 120.0.6099.199 (Linux x86_64) AjoutMatrices AjoutMatrices([[5]], [[1,1],[1,1]]) returns {"success":false,"error":"Les matrices doivent avoir la mÃªme taille"} FAILED
	Expected undefined to equal Object({ success: false, error: 'Les matrices doivent avoir la mÃªme taille' }).
	    at <Jasmine>
	    at UserContext.apply (src/app/tp1.spec.ts:36:48)
	    at _ZoneDelegate.invoke (node_modules/zone.js/fesm2015/zone.js:368:26)
	    at ProxyZoneSpec.onInvoke (node_modules/zone.js/fesm2015/zone-testing.js:273:39)
	    at _ZoneDelegate.invoke (node_modules/zone.js/fesm2015/zone.js:367:52)
Chrome Headless 120.0.6099.199 (Linux x86_64): Executed 47 of 52 (15 FAILED) (0 secs / 0.03 secs)
[1A[2KChrome Headless 120.0.6099.199 (Linux x86_64) AjoutMatrices AjoutMatrices([[1,1],[1,1]], [[],[]]) returns {"success":false,"error":"M2 ne peut pas Ãªtre vide"} FAILED
	Expected undefined to equal Object({ success: false, error: 'M2 ne peut pas Ãªtre vide' }).
	    at <Jasmine>
	    at UserContext.apply (src/app/tp1.spec.ts:36:48)
	    at _ZoneDelegate.invoke (node_modules/zone.js/fesm2015/zone.js:368:26)
	    at ProxyZoneSpec.onInvoke (node_modules/zone.js/fesm2015/zone-testing.js:273:39)
	    at _ZoneDelegate.invoke (node_modules/zone.js/fesm2015/zone.js:367:52)
Chrome Headless 120.0.6099.199 (Linux x86_64): Executed 48 of 52 (16 FAILED) (0 secs / 0.031 secs)
[1A[2KChrome Headless 120.0.6099.199 (Linux x86_64) AjoutMatrices AjoutMatrices([[],[]], [[1,1],[1,1]]) returns {"success":false,"error":"M1 ne peut pas Ãªtre vide"} FAILED
	Expected undefined to equal Object({ success: false, error: 'M1 ne peut pas Ãªtre vide' }).
	    at <Jasmine>
	    at UserContext.apply (src/app/tp1.spec.ts:36:48)
	    at _ZoneDelegate.invoke (node_modules/zone.js/fesm2015/zone.js:368:26)
	    at ProxyZoneSpec.onInvoke (node_modules/zone.js/fesm2015/zone-testing.js:273:39)
	    at _ZoneDelegate.invoke (node_modules/zone.js/fesm2015/zone.js:367:52)
Chrome Headless 120.0.6099.199 (Linux x86_64): Executed 49 of 52 (17 FAILED) (0 secs / 0.032 secs)
[1A[2KChrome Headless 120.0.6099.199 (Linux x86_64) AjoutMatrices AjoutMatrices([], [[5]]) returns {"success":false,"error":"M1 ne peut pas Ãªtre vide"} FAILED
	Expected undefined to equal Object({ success: false, error: 'M1 ne peut pas Ãªtre vide' }).
	    at <Jasmine>
	    at UserContext.apply (src/app/tp1.spec.ts:36:48)
	    at _ZoneDelegate.invoke (node_modules/zone.js/fesm2015/zone.js:368:26)
	    at ProxyZoneSpec.onInvoke (node_modules/zone.js/fesm2015/zone-testing.js:273:39)
	    at _ZoneDelegate.invoke (node_modules/zone.js/fesm2015/zone.js:367:52)
Chrome Headless 120.0.6099.199 (Linux x86_64): Executed 50 of 52 (18 FAILED) (0 secs / 0.033 secs)
[1A[2KChrome Headless 120.0.6099.199 (Linux x86_64) AjoutMatrices AjoutMatrices([[1],[]], [[1,1],[1,1]]) returns {"success":false,"error":"M1 n'est pas bien formÃ©e"} FAILED
	Expected undefined to equal Object({ success: false, error: 'M1 n'est pas bien formÃ©e' }).
	    at <Jasmine>
	    at UserContext.apply (src/app/tp1.spec.ts:36:48)
	    at _ZoneDelegate.invoke (node_modules/zone.js/fesm2015/zone.js:368:26)
	    at ProxyZoneSpec.onInvoke (node_modules/zone.js/fesm2015/zone-testing.js:273:39)
	    at _ZoneDelegate.invoke (node_modules/zone.js/fesm2015/zone.js:367:52)
Chrome Headless 120.0.6099.199 (Linux x86_64): Executed 51 of 52 (19 FAILED) (0 secs / 0.035 secs)
[1A[2KChrome Headless 120.0.6099.199 (Linux x86_64) AjoutMatrices AjoutMatrices([[],[]], [[1,1,1],[1,1]]) returns {"success":false,"error":"M2 n'est pas bien formÃ©e"} FAILED
	Expected undefined to equal Object({ success: false, error: 'M2 n'est pas bien formÃ©e' }).
	    at <Jasmine>
	    at UserContext.apply (src/app/tp1.spec.ts:36:48)
	    at _ZoneDelegate.invoke (node_modules/zone.js/fesm2015/zone.js:368:26)
	    at ProxyZoneSpec.onInvoke (node_modules/zone.js/fesm2015/zone-testing.js:273:39)
	    at _ZoneDelegate.invoke (node_modules/zone.js/fesm2015/zone.js:367:52)
Chrome Headless 120.0.6099.199 (Linux x86_64): Executed 52 of 52 (20 FAILED) (0 secs / 0.036 secs)
[1A[2KChrome Headless 120.0.6099.199 (Linux x86_64): Executed 52 of 52 (20 FAILED) (0.139 secs / 0.036 secs)
TOTAL: 20 FAILED, 32 SUCCESS
âœ” Browser application bundle generation complete.
âœ” Browser application bundle generation complete.
banco
Done in 25.65s.