yarn run v1.22.21
$ ng test --browsers=ChromeHeadless --watch=false || echo 'banco'
- Generating browser application bundles (phase: setup)...
âœ” Browser application bundle generation complete.
05 02 2024 16:59:22.816:INFO [karma-server]: Karma v6.4.2 server started at http://localhost:9876/
05 02 2024 16:59:22.818:INFO [launcher]: Launching browsers ChromeHeadless with concurrency unlimited
05 02 2024 16:59:22.822:INFO [launcher]: Starting browser ChromeHeadless
05 02 2024 16:59:23.498:INFO [Chrome Headless 121.0.6167.139 (Linux x86_64)]: Connected on socket 9xfW8Ybw2Rz855fwAAAB with id 9450549
Chrome Headless 121.0.6167.139 (Linux x86_64): Executed 0 of 52 SUCCESS (0 secs / 0 secs)
[1A[2KChrome Headless 121.0.6167.139 (Linux x86_64): Executed 1 of 52 SUCCESS (0 secs / 0.003 secs)
[1A[2KChrome Headless 121.0.6167.139 (Linux x86_64): Executed 2 of 52 SUCCESS (0 secs / 0.003 secs)
[1A[2KChrome Headless 121.0.6167.139 (Linux x86_64): Executed 3 of 52 SUCCESS (0 secs / 0.003 secs)
[1A[2KChrome Headless 121.0.6167.139 (Linux x86_64): Executed 4 of 52 SUCCESS (0 secs / 0.004 secs)
[1A[2KChrome Headless 121.0.6167.139 (Linux x86_64): Executed 5 of 52 SUCCESS (0 secs / 0.004 secs)
[1A[2KChrome Headless 121.0.6167.139 (Linux x86_64): Executed 6 of 52 SUCCESS (0 secs / 0.005 secs)
[1A[2KChrome Headless 121.0.6167.139 (Linux x86_64): Executed 7 of 52 SUCCESS (0 secs / 0.006 secs)
[1A[2KChrome Headless 121.0.6167.139 (Linux x86_64): Executed 8 of 52 SUCCESS (0 secs / 0.006 secs)
[1A[2KChrome Headless 121.0.6167.139 (Linux x86_64): Executed 9 of 52 SUCCESS (0 secs / 0.006 secs)
[1A[2KChrome Headless 121.0.6167.139 (Linux x86_64): Executed 10 of 52 SUCCESS (0 secs / 0.006 secs)
[1A[2KChrome Headless 121.0.6167.139 (Linux x86_64): Executed 11 of 52 SUCCESS (0 secs / 0.007 secs)
[1A[2KChrome Headless 121.0.6167.139 (Linux x86_64): Executed 12 of 52 SUCCESS (0 secs / 0.007 secs)
[1A[2KChrome Headless 121.0.6167.139 (Linux x86_64): Executed 13 of 52 SUCCESS (0 secs / 0.007 secs)
[1A[2KChrome Headless 121.0.6167.139 (Linux x86_64): Executed 14 of 52 SUCCESS (0 secs / 0.009 secs)
[1A[2KChrome Headless 121.0.6167.139 (Linux x86_64): Executed 15 of 52 SUCCESS (0 secs / 0.009 secs)
[1A[2KChrome Headless 121.0.6167.139 (Linux x86_64): Executed 16 of 52 SUCCESS (0 secs / 0.009 secs)
[1A[2KChrome Headless 121.0.6167.139 (Linux x86_64): Executed 17 of 52 SUCCESS (0 secs / 0.009 secs)
[1A[2KChrome Headless 121.0.6167.139 (Linux x86_64): Executed 18 of 52 SUCCESS (0 secs / 0.009 secs)
[1A[2KChrome Headless 121.0.6167.139 (Linux x86_64): Executed 19 of 52 SUCCESS (0 secs / 0.01 secs)
[1A[2KChrome Headless 121.0.6167.139 (Linux x86_64): Executed 20 of 52 SUCCESS (0 secs / 0.01 secs)
[1A[2KChrome Headless 121.0.6167.139 (Linux x86_64): Executed 21 of 52 SUCCESS (0 secs / 0.01 secs)
[1A[2KChrome Headless 121.0.6167.139 (Linux x86_64): Executed 22 of 52 SUCCESS (0 secs / 0.011 secs)
[1A[2KChrome Headless 121.0.6167.139 (Linux x86_64): Executed 23 of 52 SUCCESS (0 secs / 0.011 secs)
[1A[2KChrome Headless 121.0.6167.139 (Linux x86_64): Executed 24 of 52 SUCCESS (0 secs / 0.012 secs)
[1A[2KChrome Headless 121.0.6167.139 (Linux x86_64): Executed 25 of 52 SUCCESS (0 secs / 0.012 secs)
[1A[2KChrome Headless 121.0.6167.139 (Linux x86_64): Executed 26 of 52 SUCCESS (0 secs / 0.012 secs)
[1A[2KChrome Headless 121.0.6167.139 (Linux x86_64): Executed 27 of 52 SUCCESS (0 secs / 0.012 secs)
[1A[2KChrome Headless 121.0.6167.139 (Linux x86_64): Executed 28 of 52 SUCCESS (0 secs / 0.012 secs)
[1A[2KChrome Headless 121.0.6167.139 (Linux x86_64): Executed 29 of 52 SUCCESS (0 secs / 0.012 secs)
[1A[2KChrome Headless 121.0.6167.139 (Linux x86_64): Executed 30 of 52 SUCCESS (0 secs / 0.012 secs)
[1A[2KChrome Headless 121.0.6167.139 (Linux x86_64): Executed 31 of 52 SUCCESS (0 secs / 0.012 secs)
[1A[2KChrome Headless 121.0.6167.139 (Linux x86_64): Executed 32 of 52 SUCCESS (0 secs / 0.012 secs)
[1A[2KChrome Headless 121.0.6167.139 (Linux x86_64): Executed 33 of 52 SUCCESS (0 secs / 0.012 secs)
[1A[2KChrome Headless 121.0.6167.139 (Linux x86_64): Executed 34 of 52 SUCCESS (0 secs / 0.012 secs)
[1A[2KChrome Headless 121.0.6167.139 (Linux x86_64): Executed 35 of 52 SUCCESS (0 secs / 0.012 secs)
[1A[2KChrome Headless 121.0.6167.139 (Linux x86_64): Executed 36 of 52 SUCCESS (0 secs / 0.012 secs)
[1A[2KChrome Headless 121.0.6167.139 (Linux x86_64): Executed 37 of 52 SUCCESS (0 secs / 0.012 secs)
[1A[2KChrome Headless 121.0.6167.139 (Linux x86_64): Executed 38 of 52 SUCCESS (0 secs / 0.012 secs)
[1A[2KChrome Headless 121.0.6167.139 (Linux x86_64): Executed 39 of 52 SUCCESS (0 secs / 0.013 secs)
[1A[2KChrome Headless 121.0.6167.139 (Linux x86_64): Executed 40 of 52 SUCCESS (0 secs / 0.013 secs)
[1A[2KChrome Headless 121.0.6167.139 (Linux x86_64): Executed 41 of 52 SUCCESS (0 secs / 0.013 secs)
[1A[2KChrome Headless 121.0.6167.139 (Linux x86_64) AjoutMatrices AjoutMatrices([[1,1],[1,1]], []) returns {"success":false,"error":"M2 ne peut pas Ãªtre vide"} FAILED
	TypeError: Cannot read properties of undefined (reading 'length')
	    at Object.f (src/app/tp1.ts:145:26)
	    at UserContext.apply (src/app/tp1.spec.ts:36:34)
	    at _ZoneDelegate.invoke (node_modules/zone.js/fesm2015/zone.js:368:26)
	    at ProxyZoneSpec.onInvoke (node_modules/zone.js/fesm2015/zone-testing.js:273:39)
	    at _ZoneDelegate.invoke (node_modules/zone.js/fesm2015/zone.js:367:52)
	    at Zone.run (node_modules/zone.js/fesm2015/zone.js:129:43)
	    at runInTestZone (node_modules/zone.js/fesm2015/zone-testing.js:555:34)
	    at UserContext.<anonymous> (node_modules/zone.js/fesm2015/zone-testing.js:570:20)
	    at <Jasmine>
Chrome Headless 121.0.6167.139 (Linux x86_64): Executed 42 of 52 (1 FAILED) (0 secs / 0.015 secs)
[1A[2KChrome Headless 121.0.6167.139 (Linux x86_64) AjoutMatrices AjoutMatrices([[1,1],[1,1]], [[]]) returns {"success":false,"error":"M2 ne peut pas Ãªtre vide"} FAILED
	Expected $.error = 'Les matrices doivent avoir la mÃªme taille' to equal 'M2 ne peut pas Ãªtre vide'.
	    at <Jasmine>
	    at UserContext.apply (src/app/tp1.spec.ts:36:48)
	    at _ZoneDelegate.invoke (node_modules/zone.js/fesm2015/zone.js:368:26)
	    at ProxyZoneSpec.onInvoke (node_modules/zone.js/fesm2015/zone-testing.js:273:39)
	    at _ZoneDelegate.invoke (node_modules/zone.js/fesm2015/zone.js:367:52)
Chrome Headless 121.0.6167.139 (Linux x86_64): Executed 43 of 52 (2 FAILED) (0 secs / 0.016 secs)
[1A[2KChrome Headless 121.0.6167.139 (Linux x86_64) AjoutMatrices AjoutMatrices([], [[1,1],[1,1]]) returns {"success":false,"error":"M1 ne peut pas Ãªtre vide"} FAILED
	TypeError: Cannot read properties of undefined (reading 'length')
	    at Object.f (src/app/tp1.ts:144:26)
	    at UserContext.apply (src/app/tp1.spec.ts:36:34)
	    at _ZoneDelegate.invoke (node_modules/zone.js/fesm2015/zone.js:368:26)
	    at ProxyZoneSpec.onInvoke (node_modules/zone.js/fesm2015/zone-testing.js:273:39)
	    at _ZoneDelegate.invoke (node_modules/zone.js/fesm2015/zone.js:367:52)
	    at Zone.run (node_modules/zone.js/fesm2015/zone.js:129:43)
	    at runInTestZone (node_modules/zone.js/fesm2015/zone-testing.js:555:34)
	    at UserContext.<anonymous> (node_modules/zone.js/fesm2015/zone-testing.js:570:20)
	    at <Jasmine>
Chrome Headless 121.0.6167.139 (Linux x86_64): Executed 44 of 52 (3 FAILED) (0 secs / 0.017 secs)
[1A[2KChrome Headless 121.0.6167.139 (Linux x86_64) AjoutMatrices AjoutMatrices([[]], [[1,1],[1,1]]) returns {"success":false,"error":"M1 ne peut pas Ãªtre vide"} FAILED
	Expected $.error = 'Les matrices doivent avoir la mÃªme taille' to equal 'M1 ne peut pas Ãªtre vide'.
	    at <Jasmine>
	    at UserContext.apply (src/app/tp1.spec.ts:36:48)
	    at _ZoneDelegate.invoke (node_modules/zone.js/fesm2015/zone.js:368:26)
	    at ProxyZoneSpec.onInvoke (node_modules/zone.js/fesm2015/zone-testing.js:273:39)
	    at _ZoneDelegate.invoke (node_modules/zone.js/fesm2015/zone.js:367:52)
Chrome Headless 121.0.6167.139 (Linux x86_64): Executed 45 of 52 (4 FAILED) (0 secs / 0.018 secs)
[1A[2KChrome Headless 121.0.6167.139 (Linux x86_64): Executed 46 of 52 (4 FAILED) (0 secs / 0.018 secs)
[1A[2KChrome Headless 121.0.6167.139 (Linux x86_64): Executed 47 of 52 (4 FAILED) (0 secs / 0.019 secs)
[1A[2KChrome Headless 121.0.6167.139 (Linux x86_64) AjoutMatrices AjoutMatrices([[1,1],[1,1]], [[],[]]) returns {"success":false,"error":"M2 ne peut pas Ãªtre vide"} FAILED
	Expected object to have properties
	    error: 'M2 ne peut pas Ãªtre vide'
	Expected object not to have properties
	    result: [ [ NaN, NaN ], [ NaN, NaN ] ]
	Expected $.success = true to equal false.
	    at <Jasmine>
	    at UserContext.apply (src/app/tp1.spec.ts:36:48)
	    at _ZoneDelegate.invoke (node_modules/zone.js/fesm2015/zone.js:368:26)
	    at ProxyZoneSpec.onInvoke (node_modules/zone.js/fesm2015/zone-testing.js:273:39)
	    at _ZoneDelegate.invoke (node_modules/zone.js/fesm2015/zone.js:367:52)
Chrome Headless 121.0.6167.139 (Linux x86_64): Executed 48 of 52 (5 FAILED) (0 secs / 0.021 secs)
[1A[2KChrome Headless 121.0.6167.139 (Linux x86_64) AjoutMatrices AjoutMatrices([[],[]], [[1,1],[1,1]]) returns {"success":false,"error":"M1 ne peut pas Ãªtre vide"} FAILED
	Expected object to have properties
	    error: 'M1 ne peut pas Ãªtre vide'
	Expected object not to have properties
	    result: [ [  ], [  ] ]
	Expected $.success = true to equal false.
	    at <Jasmine>
	    at UserContext.apply (src/app/tp1.spec.ts:36:48)
	    at _ZoneDelegate.invoke (node_modules/zone.js/fesm2015/zone.js:368:26)
	    at ProxyZoneSpec.onInvoke (node_modules/zone.js/fesm2015/zone-testing.js:273:39)
	    at _ZoneDelegate.invoke (node_modules/zone.js/fesm2015/zone.js:367:52)
Chrome Headless 121.0.6167.139 (Linux x86_64): Executed 49 of 52 (6 FAILED) (0 secs / 0.022 secs)
[1A[2KChrome Headless 121.0.6167.139 (Linux x86_64) AjoutMatrices AjoutMatrices([], [[5]]) returns {"success":false,"error":"M1 ne peut pas Ãªtre vide"} FAILED
	TypeError: Cannot read properties of undefined (reading 'length')
	    at Object.f (src/app/tp1.ts:144:26)
	    at UserContext.apply (src/app/tp1.spec.ts:36:34)
	    at _ZoneDelegate.invoke (node_modules/zone.js/fesm2015/zone.js:368:26)
	    at ProxyZoneSpec.onInvoke (node_modules/zone.js/fesm2015/zone-testing.js:273:39)
	    at _ZoneDelegate.invoke (node_modules/zone.js/fesm2015/zone.js:367:52)
	    at Zone.run (node_modules/zone.js/fesm2015/zone.js:129:43)
	    at runInTestZone (node_modules/zone.js/fesm2015/zone-testing.js:555:34)
	    at UserContext.<anonymous> (node_modules/zone.js/fesm2015/zone-testing.js:570:20)
	    at <Jasmine>
Chrome Headless 121.0.6167.139 (Linux x86_64): Executed 50 of 52 (7 FAILED) (0 secs / 0.023 secs)
[1A[2KChrome Headless 121.0.6167.139 (Linux x86_64) AjoutMatrices AjoutMatrices([[1],[]], [[1,1],[1,1]]) returns {"success":false,"error":"M1 n'est pas bien formÃ©e"} FAILED
	Expected $.error = 'M1 nest pas bien formÃ©e' to equal 'M1 n'est pas bien formÃ©e'.
	    at <Jasmine>
	    at UserContext.apply (src/app/tp1.spec.ts:36:48)
	    at _ZoneDelegate.invoke (node_modules/zone.js/fesm2015/zone.js:368:26)
	    at ProxyZoneSpec.onInvoke (node_modules/zone.js/fesm2015/zone-testing.js:273:39)
	    at _ZoneDelegate.invoke (node_modules/zone.js/fesm2015/zone.js:367:52)
Chrome Headless 121.0.6167.139 (Linux x86_64): Executed 51 of 52 (8 FAILED) (0 secs / 0.024 secs)
[1A[2KChrome Headless 121.0.6167.139 (Linux x86_64) AjoutMatrices AjoutMatrices([[],[]], [[1,1,1],[1,1]]) returns {"success":false,"error":"M2 n'est pas bien formÃ©e"} FAILED
	Expected $.error = 'M2 nest pas bien formÃ©e' to equal 'M2 n'est pas bien formÃ©e'.
	    at <Jasmine>
	    at UserContext.apply (src/app/tp1.spec.ts:36:48)
	    at _ZoneDelegate.invoke (node_modules/zone.js/fesm2015/zone.js:368:26)
	    at ProxyZoneSpec.onInvoke (node_modules/zone.js/fesm2015/zone-testing.js:273:39)
	    at _ZoneDelegate.invoke (node_modules/zone.js/fesm2015/zone.js:367:52)
Chrome Headless 121.0.6167.139 (Linux x86_64): Executed 52 of 52 (9 FAILED) (0 secs / 0.024 secs)
[1A[2KChrome Headless 121.0.6167.139 (Linux x86_64): Executed 52 of 52 (9 FAILED) (0.061 secs / 0.024 secs)
TOTAL: 9 FAILED, 43 SUCCESS
âœ” Browser application bundle generation complete.
âœ” Browser application bundle generation complete.
banco
Done in 18.02s.